#
# There is insufficient memory for the Java Runtime Environment to continue.
# Native memory allocation (malloc) failed to allocate 1048576 bytes for AllocateHeap
# Possible reasons:
#   The system is out of physical RAM or swap space
#   The process is running with CompressedOops enabled, and the Java Heap may be blocking the growth of the native heap
# Possible solutions:
#   Reduce memory load on the system
#   Increase physical memory or swap space
#   Check if swap backing store is full
#   Decrease Java heap size (-Xmx/-Xms)
#   Decrease number of Java threads
#   Decrease Java thread stack sizes (-Xss)
#   Set larger code cache with -XX:ReservedCodeCacheSize=
#   JVM is running with Zero Based Compressed Oops mode in which the Java heap is
#     placed in the first 32GB address space. The Java Heap base address is the
#     maximum limit for the native heap growth. Please use -XX:HeapBaseMinAddress
#     to set the Java Heap base and to place the Java Heap above 32GB virtual address.
# This output file may be truncated or incomplete.
#
#  Out of Memory Error (memory/allocation.inline.hpp:61), pid=19828, tid=0x0000000000004dd8
#
# JRE version:  (8.0_252-b09) (build )
# Java VM: OpenJDK 64-Bit Server VM (25.252-b09 mixed mode windows-amd64 compressed oops)
# Failed to write core dump. Minidumps are not enabled by default on client versions of Windows
#

---------------  T H R E A D  ---------------

Current thread (0x0000000002bd5000):  JavaThread "Unknown thread" [_thread_in_vm, id=19928, stack(0x0000000002560000,0x0000000002660000)]

Stack: [0x0000000002560000,0x0000000002660000]
[error occurred during error reporting (printing stack bounds), id 0xc0000005]

Native frames: (J=compiled Java code, j=interpreted, Vv=VM code, C=native code)


---------------  P R O C E S S  ---------------

Java Threads: ( => current thread )

Other Threads:

=>0x0000000002bd5000 (exited) JavaThread "Unknown thread" [_thread_in_vm, id=19928, stack(0x0000000002560000,0x0000000002660000)]

VM state:not at safepoint (normal execution)

VM Mutex/Monitor currently owned by a thread: None

heap address: 0x00000006c0c00000, size: 4084 MB, Compressed Oops mode: Zero based, Oop shift amount: 3
Narrow klass base: 0x0000000000000000, Narrow klass shift: 3
Compressed class space size: 1073741824 Address: 0x00000007c0000000

Heap:
 PSYoungGen      total 76288K, used 1310K [0x000000076af00000, 0x0000000770400000, 0x00000007c0000000)
  eden space 65536K, 2% used [0x000000076af00000,0x000000076b047af0,0x000000076ef00000)
  from space 10752K, 0% used [0x000000076f980000,0x000000076f980000,0x0000000770400000)
  to   space 10752K, 0% used [0x000000076ef00000,0x000000076ef00000,0x000000076f980000)
 ParOldGen       total 175104K, used 0K [0x00000006c0c00000, 0x00000006cb700000, 0x000000076af00000)
  object space 175104K, 0% used [0x00000006c0c00000,0x00000006c0c00000,0x00000006cb700000)
 Metaspace       used 792K, capacity 4480K, committed 4480K, reserved 1056768K
  class space    used 74K, capacity 384K, committed 384K, reserved 1048576K

Card table byte_map: [0x0000000012090000,0x0000000012890000] byte_map_base: 0x000000000ea8a000

Marking Bits: (ParMarkBitMap*) 0x000000006f6550b0
 Begin Bits: [0x00000000133f0000, 0x00000000173c0000)
 End Bits:   [0x00000000173c0000, 0x000000001b390000)

Polling page: 0x00000000003f0000

CodeCache: size=245760Kb used=329Kb max_used=329Kb free=245430Kb
 bounds [0x0000000002cd0000, 0x0000000002f40000, 0x0000000011cd0000]
 total_blobs=59 nmethods=0 adapters=40
 compilation: enabled

Compilation events (0 events):
No events

GC Heap History (0 events):
No events

Deoptimization events (0 events):
No events

Classes redefined (0 events):
No events

Internal exceptions (0 events):
No events

Events (10 events):
Event: 0.019 loading class java/lang/Short
Event: 0.019 loading class java/lang/Short done
Event: 0.019 loading class java/lang/Integer
Event: 0.019 loading class java/lang/Integer done
Event: 0.019 loading class java/lang/Long
Event: 0.019 loading class java/lang/Long done
Event: 0.020 loading class java/lang/NullPointerException
Event: 0.020 loading class java/lang/NullPointerException done
Event: 0.020 loading class java/lang/ArithmeticException
Event: 0.020 loading class java/lang/ArithmeticException done


Dynamic libraries:
0x00007ff62db70000 - 0x00007ff62dba5000 	C:\Users\Administrator\.jdks\corretto-1.8.0_252\bin\java.exe
0x00007ffcee970000 - 0x00007ffceeb5d000 	C:\Windows\SYSTEM32\ntdll.dll
0x00007ffcebcc0000 - 0x00007ffcebd73000 	C:\Windows\System32\KERNEL32.DLL
0x00007ffceb660000 - 0x00007ffceb8f3000 	C:\Windows\System32\KERNELBASE.dll
0x00007ffcebd80000 - 0x00007ffcebe23000 	C:\Windows\System32\ADVAPI32.dll
0x00007ffcec560000 - 0x00007ffcec5fe000 	C:\Windows\System32\msvcrt.dll
0x00007ffcee4b0000 - 0x00007ffcee54e000 	C:\Windows\System32\sechost.dll
0x00007ffcebb90000 - 0x00007ffcebcb2000 	C:\Windows\System32\RPCRT4.dll
0x00007ffcec880000 - 0x00007ffceca17000 	C:\Windows\System32\USER32.dll
0x00007ffceb900000 - 0x00007ffceb920000 	C:\Windows\System32\win32u.dll
0x00007ffcec600000 - 0x00007ffcec629000 	C:\Windows\System32\GDI32.dll
0x00007ffceab30000 - 0x00007ffceacc9000 	C:\Windows\System32\gdi32full.dll
0x00007ffcebad0000 - 0x00007ffcebb70000 	C:\Windows\System32\msvcp_win.dll
0x00007ffceb920000 - 0x00007ffceba1a000 	C:\Windows\System32\ucrtbase.dll
0x00007ffce0ca0000 - 0x00007ffce0f19000 	C:\Windows\WinSxS\amd64_microsoft.windows.common-controls_6595b64144ccf1df_6.0.17763.737_none_05b6437c071e554b\COMCTL32.dll
0x00007ffcec0e0000 - 0x00007ffcec40c000 	C:\Windows\System32\combase.dll
0x00007ffceaab0000 - 0x00007ffceab2e000 	C:\Windows\System32\bcryptPrimitives.dll
0x00007ffcebe40000 - 0x00007ffcebe6e000 	C:\Windows\System32\IMM32.DLL
0x0000000070620000 - 0x00000000706f2000 	C:\Users\Administrator\.jdks\corretto-1.8.0_252\jre\bin\msvcr100.dll
0x000000006ee80000 - 0x000000006f6d1000 	C:\Users\Administrator\.jdks\corretto-1.8.0_252\jre\bin\server\jvm.dll
0x00007ffcebe70000 - 0x00007ffcebe78000 	C:\Windows\System32\PSAPI.DLL
0x00007ffcd63a0000 - 0x00007ffcd63a9000 	C:\Windows\SYSTEM32\WSOCK32.dll
0x00007ffcec7a0000 - 0x00007ffcec80d000 	C:\Windows\System32\WS2_32.dll
0x00007ffce8c90000 - 0x00007ffce8cb4000 	C:\Windows\SYSTEM32\WINMM.dll
0x00007ffce56f0000 - 0x00007ffce56fa000 	C:\Windows\SYSTEM32\VERSION.dll
0x00007ffce8a70000 - 0x00007ffce8a9d000 	C:\Windows\SYSTEM32\winmmbase.dll
0x00007ffceaa30000 - 0x00007ffceaa7a000 	C:\Windows\System32\cfgmgr32.dll
0x00007ffcdfc50000 - 0x00007ffcdfc5f000 	C:\Users\Administrator\.jdks\corretto-1.8.0_252\jre\bin\verify.dll
0x00007ffcdf9f0000 - 0x00007ffcdfa19000 	C:\Users\Administrator\.jdks\corretto-1.8.0_252\jre\bin\java.dll
0x00007ffcced70000 - 0x00007ffcceda5000 	C:\Users\Administrator\.jdks\corretto-1.8.0_252\jre\bin\jdwp.dll
0x00007ffcdfc00000 - 0x00007ffcdfc08000 	C:\Users\Administrator\.jdks\corretto-1.8.0_252\jre\bin\npt.dll
0x00007ffcd70e0000 - 0x00007ffcd7103000 	C:\Users\Administrator\.jdks\corretto-1.8.0_252\jre\bin\instrument.dll
0x00007ffcdf820000 - 0x00007ffcdf836000 	C:\Users\Administrator\.jdks\corretto-1.8.0_252\jre\bin\zip.dll

VM Arguments:
jvm_args: -agentlib:jdwp=transport=dt_socket,address=127.0.0.1:56984,suspend=y,server=n -ea -Didea.test.cyclic.buffer.size=1048576 -javaagent:D:\ins\IntelliJIDEA20201111\plugins\Groovy\lib\agent\gragent.jar -javaagent:D:\ins\IntelliJIDEA20201111\plugins\java\lib\rt\debugger-agent.jar -Dfile.encoding=UTF-8 
java_command: com.intellij.rt.junit.JUnitStarter -ideVersion5 -junit4 groovy.MqlMapper
java_class_path (initial): D:\ins\IntelliJIDEA20201111\lib\idea_rt.jar;D:\ins\IntelliJIDEA20201111\plugins\junit\lib\junit5-rt.jar;D:\ins\IntelliJIDEA20201111\plugins\junit\lib\junit-rt.jar;C:\Users\Administrator\.jdks\corretto-1.8.0_252\jre\lib\charsets.jar;C:\Users\Administrator\.jdks\corretto-1.8.0_252\jre\lib\ext\access-bridge-64.jar;C:\Users\Administrator\.jdks\corretto-1.8.0_252\jre\lib\ext\cldrdata.jar;C:\Users\Administrator\.jdks\corretto-1.8.0_252\jre\lib\ext\dnsns.jar;C:\Users\Administrator\.jdks\corretto-1.8.0_252\jre\lib\ext\jaccess.jar;C:\Users\Administrator\.jdks\corretto-1.8.0_252\jre\lib\ext\jfxrt.jar;C:\Users\Administrator\.jdks\corretto-1.8.0_252\jre\lib\ext\localedata.jar;C:\Users\Administrator\.jdks\corretto-1.8.0_252\jre\lib\ext\nashorn.jar;C:\Users\Administrator\.jdks\corretto-1.8.0_252\jre\lib\ext\sunec.jar;C:\Users\Administrator\.jdks\corretto-1.8.0_252\jre\lib\ext\sunjce_provider.jar;C:\Users\Administrator\.jdks\corretto-1.8.0_252\jre\lib\ext\sunmscapi.jar;C:\Users\Administrator\.jdks\corretto-1.8.0_252\jre\lib\ext\sunpkcs11.jar;C:\Users\Administrator\.jdks\corretto-1.8.0_252\jre\lib\ext\zipfs.jar;C:\Users\Administrator\.jdks\corretto-1.8.0_252\jre\lib\jce.jar;C:\Users\Administrator\.jdks\corretto-1.8.0_252\jre\lib\jfxswt.jar;C:\Users\Administrator\.jdks\corretto-1.8.0_252\jre\lib\jsse.jar;C:\Users\Administrator\.jdks\corretto-1.8.0_252\jre\lib\management-agent.jar;C:\Users\Administrator\.jdks\corretto-1.8.0_252\jre\lib\resources.jar;C:\Users\Administrator\.jdks\corretto-1.8.0_252\jre\lib\rt.jar;D:\dev\minipika\target\test-classes;D:\dev\minipika\target\classes;D:\develop\apache-maven-3.6.1\repository\mysql\mysql-connector-java\8.0.11\mysql-connector-java-8.0.11.jar;D:\develop\apache-maven-3.6.1\repository\com\google\protobuf\protobuf-java\2.6.0\protobuf-java-2.6.0.jar;D:\develop\apache-maven-3.6.1\repository\org\slf4j\slf4j-api\1.7.21\slf4j-api-1.7.21.jar;D:\develop\apache-maven-3.6.1\repository\ch\qos\logback\logback-core\1.2.3\logback-c
Launcher Type: SUN_STANDARD

Environment Variables:
JAVA_HOME=C:\Users\Administrator\.jdks\corretto-1.8.0_252
PATH=C:\Program Files (x86)\NetSarang\Xftp 6\;C:\Windows\system32;C:\Windows;C:\Windows\System32\Wbem;C:\Windows\System32\WindowsPowerShell\v1.0\;C:\Windows\System32\OpenSSH\;C:\ins\Git\cmd;D:\ins\Git\bin;D:\ins\apache-maven-3.6.1\bin;C:\Users\Administrator\.jdks\corretto-1.8.0_252\bin;D:\dev\mysql-8.0.20-winx64\mysql-8.0.20-winx64\bin;C:\Program Files\Git\cmd;C:\Users\Administrator\AppData\Local\Microsoft\WindowsApps;
USERNAME=Administrator
OS=Windows_NT
PROCESSOR_IDENTIFIER=Intel64 Family 6 Model 158 Stepping 10, GenuineIntel



---------------  S Y S T E M  ---------------

OS: Windows 10.0 , 64 bit Build 17763 (10.0.17763.475)

CPU:total 6 (initial active 6) (6 cores per cpu, 1 threads per core) family 6 model 158 stepping 10, cmov, cx8, fxsr, mmx, sse, sse2, sse3, ssse3, sse4.1, sse4.2, popcnt, avx, avx2, aes, clmul, erms, 3dnowpref, lzcnt, tsc, tscinvbit, bmi1, bmi2, adx

Memory: 4k page, physical 16724684k(5892184k free), swap 20093644k(34192k free)

vm_info: OpenJDK 64-Bit Server VM (25.252-b09) for windows-amd64 JRE (1.8.0_252-b09), built on Apr 17 2020 18:10:37 by "Administrator" with MS VC++ 10.0 (VS2010)

time: Mon Jun 22 16:32:37 2020
timezone: 中国标准时间
elapsed time: 0 seconds (0d 0h 0m 0s)

